<?xml version="1.0" encoding="UTF-8"?>
<testsuites>
  <testsuite name="tests" tests="1" assertions="0" errors="1" warnings="0" failures="0" skipped="0" time="0.005095">
    <testsuite name="StarWars\Tests\Service\RedisCacheTest" file="/app/tests/Service/RedisCacheTest.php" tests="1" assertions="0" errors="1" warnings="0" failures="0" skipped="0" time="0.005095">
      <testcase name="testSetObject" class="StarWars\Tests\Service\RedisCacheTest" classname="StarWars.Tests.Service.RedisCacheTest" file="/app/tests/Service/RedisCacheTest.php" line="14" assertions="0" time="0.005095">
        <error type="Symfony\Component\Serializer\Exception\NotNormalizableValueException">StarWars\Tests\Service\RedisCacheTest::testSetObject
Symfony\Component\Serializer\Exception\NotNormalizableValueException: Could not normalize object of type stdClass, no supporting normalizer found.

/app/vendor/symfony/serializer/Serializer.php:167
/app/vendor/symfony/serializer/Serializer.php:119
/app/src/Service/RedisCache.php:45
/app/tests/Service/CacheTest.php:23
</error>
      </testcase>
    </testsuite>
  </testsuite>
</testsuites>
